mode: set
gitlab.com/elixxir/gateway/cmd/gateway.go:32.39,34.2 1 1
gitlab.com/elixxir/gateway/cmd/gateway.go:67.50,77.2 4 1
gitlab.com/elixxir/gateway/cmd/gateway.go:84.35,90.12 4 1
gitlab.com/elixxir/gateway/cmd/gateway.go:90.12,92.17 2 1
gitlab.com/elixxir/gateway/cmd/gateway.go:92.17,94.4 1 1
gitlab.com/elixxir/gateway/cmd/gateway.go:95.3,96.17 2 1
gitlab.com/elixxir/gateway/cmd/gateway.go:96.17,98.4 1 1
gitlab.com/elixxir/gateway/cmd/gateway.go:99.3,100.17 2 1
gitlab.com/elixxir/gateway/cmd/gateway.go:100.17,102.4 1 0
gitlab.com/elixxir/gateway/cmd/gateway.go:104.2,110.16 3 1
gitlab.com/elixxir/gateway/cmd/gateway.go:110.16,113.3 1 0
gitlab.com/elixxir/gateway/cmd/gateway.go:115.2,115.27 1 1
gitlab.com/elixxir/gateway/cmd/gateway.go:115.27,116.12 1 0
gitlab.com/elixxir/gateway/cmd/gateway.go:116.12,118.4 1 0
gitlab.com/elixxir/gateway/cmd/gateway.go:120.3,122.26 3 0
gitlab.com/elixxir/gateway/cmd/gateway.go:122.26,124.18 2 0
gitlab.com/elixxir/gateway/cmd/gateway.go:124.18,126.5 1 0
gitlab.com/elixxir/gateway/cmd/gateway.go:127.4,127.59 1 0
gitlab.com/elixxir/gateway/cmd/gateway.go:127.59,130.5 2 0
gitlab.com/elixxir/gateway/cmd/gateway.go:134.3,149.17 5 0
gitlab.com/elixxir/gateway/cmd/gateway.go:149.17,152.4 1 0
gitlab.com/elixxir/gateway/cmd/gateway.go:158.80,161.2 2 0
gitlab.com/elixxir/gateway/cmd/gateway.go:164.83,168.2 2 0
gitlab.com/elixxir/gateway/cmd/gateway.go:172.51,177.2 3 1
gitlab.com/elixxir/gateway/cmd/gateway.go:180.75,183.2 2 0
gitlab.com/elixxir/gateway/cmd/gateway.go:187.39,190.2 2 0
gitlab.com/elixxir/gateway/cmd/gateway.go:193.59,199.32 3 1
gitlab.com/elixxir/gateway/cmd/gateway.go:199.32,201.3 1 1
gitlab.com/elixxir/gateway/cmd/gateway.go:203.2,216.16 11 1
gitlab.com/elixxir/gateway/cmd/gateway.go:216.16,218.3 1 0
gitlab.com/elixxir/gateway/cmd/gateway.go:220.2,227.3 2 1
gitlab.com/elixxir/gateway/cmd/gateway.go:233.76,236.16 2 1
gitlab.com/elixxir/gateway/cmd/gateway.go:236.16,239.24 1 0
gitlab.com/elixxir/gateway/cmd/gateway.go:239.24,243.4 1 0
gitlab.com/elixxir/gateway/cmd/gateway.go:245.3,246.9 2 0
gitlab.com/elixxir/gateway/cmd/gateway.go:248.2,248.18 1 1
gitlab.com/elixxir/gateway/cmd/gateway.go:248.18,250.3 1 0
gitlab.com/elixxir/gateway/cmd/gateway.go:252.2,253.18 2 1
gitlab.com/elixxir/gateway/cmd/gateway.go:253.18,258.3 3 0
gitlab.com/elixxir/gateway/cmd/gateway.go:261.2,264.66 3 1
gitlab.com/elixxir/gateway/cmd/gateway.go:264.66,275.3 2 0
gitlab.com/elixxir/gateway/cmd/gateway.go:277.2,278.16 2 1
gitlab.com/elixxir/gateway/cmd/gateway.go:278.16,282.3 1 0
gitlab.com/elixxir/gateway/cmd/gateway.go:286.36,288.16 2 1
gitlab.com/elixxir/gateway/cmd/gateway.go:288.16,291.24 1 0
gitlab.com/elixxir/gateway/cmd/gateway.go:291.24,295.4 1 0
gitlab.com/elixxir/gateway/cmd/gateway.go:299.3,301.9 2 0
gitlab.com/elixxir/gateway/cmd/gateway.go:303.2,303.27 1 1
gitlab.com/elixxir/gateway/cmd/gateway.go:303.27,305.3 1 0
gitlab.com/elixxir/gateway/cmd/gateway.go:307.2,312.27 4 1
gitlab.com/elixxir/gateway/cmd/gateway.go:312.27,317.29 4 1
gitlab.com/elixxir/gateway/cmd/gateway.go:317.29,323.4 5 1
gitlab.com/elixxir/gateway/cmd/gateway.go:325.3,325.12 1 1
gitlab.com/elixxir/gateway/cmd/gateway.go:327.2,331.31 2 1
gitlab.com/elixxir/gateway/cmd/gateway.go:335.29,338.12 1 0
gitlab.com/elixxir/gateway/cmd/gateway.go:338.12,343.21 2 0
gitlab.com/elixxir/gateway/cmd/gateway.go:343.21,345.4 1 0
gitlab.com/elixxir/gateway/cmd/gateway.go:346.3,348.27 3 0
gitlab.com/elixxir/gateway/cmd/gateway.go:348.27,349.13 1 0
gitlab.com/elixxir/gateway/cmd/gateway.go:349.13,351.5 1 0
gitlab.com/elixxir/gateway/cmd/gateway.go:352.9,354.4 1 0
gitlab.com/elixxir/gateway/cmd/gateway.go:358.2,358.12 1 0
gitlab.com/elixxir/gateway/cmd/gateway.go:358.12,359.26 1 0
gitlab.com/elixxir/gateway/cmd/gateway.go:359.26,360.13 1 0
gitlab.com/elixxir/gateway/cmd/gateway.go:360.13,362.5 1 0
gitlab.com/elixxir/gateway/cmd/gateway.go:363.9,365.4 1 0
gitlab.com/elixxir/gateway/cmd/profile.go:23.33,41.22 9 1
gitlab.com/elixxir/gateway/cmd/profile.go:41.22,44.3 2 0
gitlab.com/elixxir/gateway/cmd/profile.go:46.2,49.18 3 1
gitlab.com/elixxir/gateway/cmd/profile.go:49.18,51.3 1 0
gitlab.com/elixxir/gateway/cmd/profile.go:52.2,56.21 3 1
gitlab.com/elixxir/gateway/cmd/profile.go:56.21,58.3 1 0
gitlab.com/elixxir/gateway/cmd/profile.go:59.2,61.21 2 1
gitlab.com/elixxir/gateway/cmd/root.go:36.47,37.14 1 0
gitlab.com/elixxir/gateway/cmd/root.go:37.14,40.4 2 0
gitlab.com/elixxir/gateway/cmd/root.go:41.3,42.14 2 0
gitlab.com/elixxir/gateway/cmd/root.go:42.14,44.18 2 0
gitlab.com/elixxir/gateway/cmd/root.go:44.18,46.5 1 0
gitlab.com/elixxir/gateway/cmd/root.go:48.4,49.18 2 0
gitlab.com/elixxir/gateway/cmd/root.go:49.18,51.5 1 0
gitlab.com/elixxir/gateway/cmd/root.go:54.3,66.10 5 0
gitlab.com/elixxir/gateway/cmd/root.go:70.42,112.2 18 0
gitlab.com/elixxir/gateway/cmd/root.go:117.16,118.42 1 0
gitlab.com/elixxir/gateway/cmd/root.go:118.42,121.3 2 0
gitlab.com/elixxir/gateway/cmd/root.go:126.13,159.2 13 1
gitlab.com/elixxir/gateway/cmd/root.go:162.49,163.16 1 1
gitlab.com/elixxir/gateway/cmd/root.go:163.16,165.3 1 0
gitlab.com/elixxir/gateway/cmd/root.go:169.19,170.19 1 0
gitlab.com/elixxir/gateway/cmd/root.go:170.19,181.29 7 0
gitlab.com/elixxir/gateway/cmd/root.go:181.29,184.27 3 0
gitlab.com/elixxir/gateway/cmd/root.go:184.27,185.10 1 0
gitlab.com/elixxir/gateway/cmd/root.go:189.2,193.45 3 0
gitlab.com/elixxir/gateway/cmd/root.go:193.45,195.3 1 0
gitlab.com/elixxir/gateway/cmd/root.go:200.16,202.41 1 0
gitlab.com/elixxir/gateway/cmd/root.go:202.41,206.3 3 0
gitlab.com/elixxir/gateway/cmd/root.go:206.8,209.3 2 0
gitlab.com/elixxir/gateway/cmd/root.go:210.2,210.29 1 0
gitlab.com/elixxir/gateway/cmd/root.go:210.29,213.3 1 0
gitlab.com/elixxir/gateway/cmd/root.go:213.8,216.3 1 0
gitlab.com/elixxir/gateway/cmd/root.go:217.2,220.16 2 0
gitlab.com/elixxir/gateway/cmd/root.go:220.16,222.3 1 0
gitlab.com/elixxir/gateway/cmd/root.go:222.8,224.3 1 0
gitlab.com/elixxir/gateway/cmd/version.go:17.13,19.2 1 1
gitlab.com/elixxir/gateway/cmd/version.go:21.21,23.2 1 0
gitlab.com/elixxir/gateway/cmd/version.go:25.30,30.2 3 0
gitlab.com/elixxir/gateway/cmd/version.go:37.47,39.3 1 0
gitlab.com/elixxir/gateway/main.go:11.13,13.2 1 0
gitlab.com/elixxir/gateway/rate_limiting/bucket.go:20.49,27.2 1 1
gitlab.com/elixxir/gateway/rate_limiting/bucket.go:30.34,32.2 1 1
gitlab.com/elixxir/gateway/rate_limiting/bucket.go:35.35,37.2 1 1
gitlab.com/elixxir/gateway/rate_limiting/bucket.go:41.39,51.21 4 1
gitlab.com/elixxir/gateway/rate_limiting/bucket.go:51.21,53.3 1 1
gitlab.com/elixxir/gateway/rate_limiting/bucket.go:53.8,55.3 1 1
gitlab.com/elixxir/gateway/rate_limiting/bucket.go:57.2,59.31 2 1
gitlab.com/elixxir/gateway/rate_limiting/bucket.go:59.31,62.3 2 1
gitlab.com/elixxir/gateway/rate_limiting/bucket.go:62.8,66.3 3 1
gitlab.com/elixxir/gateway/storage/ram.go:38.39,48.2 3 1
gitlab.com/elixxir/gateway/storage/ram.go:52.57,53.6 1 1
gitlab.com/elixxir/gateway/storage/ram.go:53.6,56.45 2 1
gitlab.com/elixxir/gateway/storage/ram.go:56.45,58.4 1 1
gitlab.com/elixxir/gateway/storage/ram.go:60.3,63.51 2 1
gitlab.com/elixxir/gateway/storage/ram.go:63.51,64.30 1 1
gitlab.com/elixxir/gateway/storage/ram.go:64.30,70.5 1 1
gitlab.com/elixxir/gateway/storage/ram.go:72.3,74.54 2 1
gitlab.com/elixxir/gateway/storage/ram.go:81.85,86.2 4 1
gitlab.com/elixxir/gateway/storage/ram.go:89.92,96.24 5 1
gitlab.com/elixxir/gateway/storage/ram.go:96.24,97.14 1 1
gitlab.com/elixxir/gateway/storage/ram.go:97.14,99.4 1 0
gitlab.com/elixxir/gateway/storage/ram.go:101.3,101.29 1 1
gitlab.com/elixxir/gateway/storage/ram.go:101.29,103.4 1 1
gitlab.com/elixxir/gateway/storage/ram.go:106.2,106.13 1 1
gitlab.com/elixxir/gateway/storage/ram.go:106.13,108.3 1 1
gitlab.com/elixxir/gateway/storage/ram.go:109.2,110.19 2 1
gitlab.com/elixxir/gateway/storage/ram.go:114.71,118.2 3 1
gitlab.com/elixxir/gateway/storage/ram.go:122.66,128.24 4 1
gitlab.com/elixxir/gateway/storage/ram.go:128.24,129.25 1 1
gitlab.com/elixxir/gateway/storage/ram.go:129.25,130.12 1 1
gitlab.com/elixxir/gateway/storage/ram.go:132.3,132.43 1 1
gitlab.com/elixxir/gateway/storage/ram.go:134.2,134.35 1 1
gitlab.com/elixxir/gateway/storage/ram.go:138.82,141.44 3 1
gitlab.com/elixxir/gateway/storage/ram.go:141.44,145.3 2 1
gitlab.com/elixxir/gateway/storage/ram.go:153.2,153.61 1 1
gitlab.com/elixxir/gateway/storage/ram.go:153.61,158.62 4 1
gitlab.com/elixxir/gateway/storage/ram.go:158.62,159.26 1 1
gitlab.com/elixxir/gateway/storage/ram.go:159.26,161.5 1 1
gitlab.com/elixxir/gateway/storage/ram.go:165.2,167.16 3 1
gitlab.com/elixxir/gateway/storage/ram.go:171.53,175.2 3 1
gitlab.com/elixxir/gateway/storage/ram.go:178.76,183.68 3 1
gitlab.com/elixxir/gateway/storage/ram.go:183.68,185.3 1 1
gitlab.com/elixxir/gateway/storage/ram.go:185.8,185.41 1 1
gitlab.com/elixxir/gateway/storage/ram.go:185.41,187.3 1 0
gitlab.com/elixxir/gateway/storage/ram.go:189.2,192.56 2 1
gitlab.com/elixxir/gateway/storage/ram.go:192.56,194.3 1 1
gitlab.com/elixxir/gateway/storage/ram.go:194.8,196.3 1 0
gitlab.com/elixxir/gateway/storage/ram.go:198.2,201.32 3 1
gitlab.com/elixxir/gateway/storage/ram.go:205.38,207.2 1 1
