mode: set
gitlab.com/elixxir/gateway/main.go:11.13,13.2 1 0
gitlab.com/elixxir/gateway/rate_limiting/bucket.go:20.49,27.2 1 1
gitlab.com/elixxir/gateway/rate_limiting/bucket.go:30.34,32.2 1 1
gitlab.com/elixxir/gateway/rate_limiting/bucket.go:35.35,37.2 1 1
gitlab.com/elixxir/gateway/rate_limiting/bucket.go:41.39,51.21 4 1
gitlab.com/elixxir/gateway/rate_limiting/bucket.go:51.21,53.3 1 1
gitlab.com/elixxir/gateway/rate_limiting/bucket.go:53.8,55.3 1 1
gitlab.com/elixxir/gateway/rate_limiting/bucket.go:57.2,59.31 2 1
gitlab.com/elixxir/gateway/rate_limiting/bucket.go:59.31,62.3 2 1
gitlab.com/elixxir/gateway/rate_limiting/bucket.go:62.8,66.3 3 1
gitlab.com/elixxir/gateway/storage/ram.go:38.39,48.2 3 1
gitlab.com/elixxir/gateway/storage/ram.go:52.57,53.6 1 1
gitlab.com/elixxir/gateway/storage/ram.go:53.6,56.45 2 1
gitlab.com/elixxir/gateway/storage/ram.go:56.45,58.4 1 1
gitlab.com/elixxir/gateway/storage/ram.go:60.3,63.51 2 1
gitlab.com/elixxir/gateway/storage/ram.go:63.51,64.30 1 1
gitlab.com/elixxir/gateway/storage/ram.go:64.30,70.5 1 1
gitlab.com/elixxir/gateway/storage/ram.go:72.3,74.54 2 1
gitlab.com/elixxir/gateway/storage/ram.go:81.85,86.2 4 1
gitlab.com/elixxir/gateway/storage/ram.go:89.92,96.24 5 1
gitlab.com/elixxir/gateway/storage/ram.go:96.24,97.14 1 1
gitlab.com/elixxir/gateway/storage/ram.go:97.14,99.4 1 0
gitlab.com/elixxir/gateway/storage/ram.go:101.3,101.29 1 1
gitlab.com/elixxir/gateway/storage/ram.go:101.29,103.4 1 1
gitlab.com/elixxir/gateway/storage/ram.go:106.2,106.13 1 1
gitlab.com/elixxir/gateway/storage/ram.go:106.13,108.3 1 1
gitlab.com/elixxir/gateway/storage/ram.go:109.2,110.19 2 1
gitlab.com/elixxir/gateway/storage/ram.go:114.71,118.2 3 1
gitlab.com/elixxir/gateway/storage/ram.go:122.66,128.24 4 1
gitlab.com/elixxir/gateway/storage/ram.go:128.24,129.25 1 1
gitlab.com/elixxir/gateway/storage/ram.go:129.25,130.12 1 1
gitlab.com/elixxir/gateway/storage/ram.go:132.3,132.43 1 1
gitlab.com/elixxir/gateway/storage/ram.go:134.2,134.35 1 1
gitlab.com/elixxir/gateway/storage/ram.go:138.82,141.44 3 1
gitlab.com/elixxir/gateway/storage/ram.go:141.44,145.3 2 1
gitlab.com/elixxir/gateway/storage/ram.go:153.2,153.61 1 1
gitlab.com/elixxir/gateway/storage/ram.go:153.61,158.62 4 1
gitlab.com/elixxir/gateway/storage/ram.go:158.62,159.26 1 1
gitlab.com/elixxir/gateway/storage/ram.go:159.26,161.5 1 1
gitlab.com/elixxir/gateway/storage/ram.go:165.2,167.16 3 1
gitlab.com/elixxir/gateway/storage/ram.go:171.53,175.2 3 1
gitlab.com/elixxir/gateway/storage/ram.go:178.76,183.68 3 1
gitlab.com/elixxir/gateway/storage/ram.go:183.68,185.3 1 1
gitlab.com/elixxir/gateway/storage/ram.go:185.8,185.41 1 1
gitlab.com/elixxir/gateway/storage/ram.go:185.41,187.3 1 0
gitlab.com/elixxir/gateway/storage/ram.go:189.2,192.56 2 1
gitlab.com/elixxir/gateway/storage/ram.go:192.56,194.3 1 1
gitlab.com/elixxir/gateway/storage/ram.go:194.8,196.3 1 0
gitlab.com/elixxir/gateway/storage/ram.go:198.2,201.32 3 1
gitlab.com/elixxir/gateway/storage/ram.go:205.38,207.2 1 1
